<?xml version="1.0" encoding="UTF-8"?>
<testsuite name="br.com.daniel.application.FindVehicleByIdUseCaseImplTest" tests="2" skipped="0" failures="0" errors="0" timestamp="2024-04-07T05:30:26" hostname="DANIEL-PC" time="0.015">
  <properties/>
  <testcase name="findById_Failure()" classname="br.com.daniel.application.FindVehicleByIdUseCaseImplTest" time="0.01"/>
  <testcase name="findById_ReturnsVehicle()" classname="br.com.daniel.application.FindVehicleByIdUseCaseImplTest" time="0.004"/>
  <system-out><![CDATA[]]></system-out>
  <system-err><![CDATA[]]></system-err>
</testsuite>
