<?xml version="1.0" encoding="UTF-8"?>
<testsuite name="br.com.daniel.application.DeleteVehicleUseCaseImplTest" tests="2" skipped="0" failures="0" errors="0" timestamp="2024-04-07T05:30:26" hostname="DANIEL-PC" time="0.469">
  <properties/>
  <testcase name="deleteVehicle_Success()" classname="br.com.daniel.application.DeleteVehicleUseCaseImplTest" time="0.459"/>
  <testcase name="deleteVehicle_Failure()" classname="br.com.daniel.application.DeleteVehicleUseCaseImplTest" time="0.009"/>
  <system-out><![CDATA[]]></system-out>
  <system-err><![CDATA[]]></system-err>
</testsuite>
