<?xml version="1.0" encoding="UTF-8"?>
<testsuite name="br.com.daniel.application.FindAllVehiclesOrParamsUseCaseImplTest" tests="1" skipped="0" failures="0" errors="0" timestamp="2024-04-07T05:30:26" hostname="DANIEL-PC" time="0.017">
  <properties/>
  <testcase name="find_ReturnsExpectedPage()" classname="br.com.daniel.application.FindAllVehiclesOrParamsUseCaseImplTest" time="0.017"/>
  <system-out><![CDATA[]]></system-out>
  <system-err><![CDATA[]]></system-err>
</testsuite>
